# JRE version: OpenJDK Runtime Environment (17.0.9) (build 17.0.9+0--11185874)
# Java VM: OpenJDK 64-Bit Server VM (17.0.9+0--11185874, mixed mode, tiered, compressed oops, compressed class ptrs, g1 gc, windows-amd64)
GC Precious Log:
 CPUs: 12 total, 12 available
 Memory: 7530M
 Large Page Support: Disabled
 NUMA Support: Disabled
 Compressed Oops: Enabled (32-bit)
 Heap Region Size: 1M
 Heap Min Capacity: 8M
 Heap Initial Capacity: 118M
 Heap Max Capacity: 2G
 Pre-touch: Disabled
 Parallel Workers: 10
 Concurrent Workers: 3
 Concurrent Refinement Workers: 10
 Periodic GC: Disabled
Heap:
 garbage-first heap   total 331776K, used 107299K [0x0000000080000000, 0x0000000100000000)
  region size 1024K, 2 young (2048K), 2 survivors (2048K)
 Metaspace       used 136466K, committed 137600K, reserved 1179648K
  class space    used 18777K, committed 19392K, reserved 1048576K
GC Heap History (20 events):
Event: 819.325 GC heap after
{Heap after GC invocations=72 (full 0):
 garbage-first heap   total 276480K, used 108730K [0x0000000080000000, 0x0000000100000000)
  region size 1024K, 1 young (1024K), 1 survivors (1024K)
 Metaspace       used 134637K, committed 135616K, reserved 1179648K
  class space    used 18773K, committed 19264K, reserved 1048576K
}
Event: 819.825 GC heap before
{Heap before GC invocations=72 (full 0):
 garbage-first heap   total 276480K, used 148666K [0x0000000080000000, 0x0000000100000000)
  region size 1024K, 42 young (43008K), 1 survivors (1024K)
 Metaspace       used 134949K, committed 136000K, reserved 1179648K
  class space    used 18803K, committed 19328K, reserved 1048576K
}
Event: 819.832 GC heap after
{Heap after GC invocations=73 (full 0):
 garbage-first heap   total 331776K, used 114728K [0x0000000080000000, 0x0000000100000000)
  region size 1024K, 7 young (7168K), 7 survivors (7168K)
 Metaspace       used 134949K, committed 136000K, reserved 1179648K
  class space    used 18803K, committed 19328K, reserved 1048576K
}
Event: 1283.529 GC heap before
{Heap before GC invocations=74 (full 0):
 garbage-first heap   total 331776K, used 285736K [0x0000000080000000, 0x0000000100000000)
  region size 1024K, 149 young (152576K), 7 survivors (7168K)
 Metaspace       used 135436K, committed 136512K, reserved 1179648K
  class space    used 18816K, committed 19328K, reserved 1048576K
}
Event: 1283.729 GC heap after
{Heap after GC invocations=75 (full 0):
 garbage-first heap   total 331776K, used 121408K [0x0000000080000000, 0x0000000100000000)
  region size 1024K, 13 young (13312K), 13 survivors (13312K)
 Metaspace       used 135436K, committed 136512K, reserved 1179648K
  class space    used 18816K, committed 19328K, reserved 1048576K
}
Event: 1283.904 GC heap before
{Heap before GC invocations=75 (full 0):
 garbage-first heap   total 331776K, used 124480K [0x0000000080000000, 0x0000000100000000)
  region size 1024K, 16 young (16384K), 13 survivors (13312K)
 Metaspace       used 135439K, committed 136512K, reserved 1179648K
  class space    used 18816K, committed 19328K, reserved 1048576K
}
Event: 1284.078 GC heap after
{Heap after GC invocations=76 (full 0):
 garbage-first heap   total 331776K, used 112190K [0x0000000080000000, 0x0000000100000000)
  region size 1024K, 2 young (2048K), 2 survivors (2048K)
 Metaspace       used 135439K, committed 136512K, reserved 1179648K
  class space    used 18816K, committed 19328K, reserved 1048576K
}
Event: 1284.461 GC heap before
{Heap before GC invocations=76 (full 0):
 garbage-first heap   total 331776K, used 123454K [0x0000000080000000, 0x0000000100000000)
  region size 1024K, 14 young (14336K), 2 survivors (2048K)
 Metaspace       used 135491K, committed 136576K, reserved 1179648K
  class space    used 18816K, committed 19328K, reserved 1048576K
}
Event: 1284.477 GC heap after
{Heap after GC invocations=77 (full 0):
 garbage-first heap   total 331776K, used 113129K [0x0000000080000000, 0x0000000100000000)
  region size 1024K, 3 young (3072K), 3 survivors (3072K)
 Metaspace       used 135491K, committed 136576K, reserved 1179648K
  class space    used 18816K, committed 19328K, reserved 1048576K
}
Event: 2702.253 GC heap before
{Heap before GC invocations=78 (full 0):
 garbage-first heap   total 331776K, used 283113K [0x0000000080000000, 0x0000000100000000)
  region size 1024K, 143 young (146432K), 3 survivors (3072K)
 Metaspace       used 136126K, committed 137280K, reserved 1179648K
  class space    used 18829K, committed 19392K, reserved 1048576K
}
Event: 2702.384 GC heap after
{Heap after GC invocations=79 (full 0):
 garbage-first heap   total 331776K, used 117956K [0x0000000080000000, 0x0000000100000000)
  region size 1024K, 6 young (6144K), 6 survivors (6144K)
 Metaspace       used 136126K, committed 137280K, reserved 1179648K
  class space    used 18829K, committed 19392K, reserved 1048576K
}
Event: 2703.103 GC heap before
{Heap before GC invocations=79 (full 0):
 garbage-first heap   total 331776K, used 127172K [0x0000000080000000, 0x0000000100000000)
  region size 1024K, 16 young (16384K), 6 survivors (6144K)
 Metaspace       used 136228K, committed 137344K, reserved 1179648K
  class space    used 18833K, committed 19392K, reserved 1048576K
}
Event: 2703.250 GC heap after
{Heap after GC invocations=80 (full 0):
 garbage-first heap   total 331776K, used 111331K [0x0000000080000000, 0x0000000100000000)
  region size 1024K, 2 young (2048K), 2 survivors (2048K)
 Metaspace       used 136228K, committed 137344K, reserved 1179648K
  class space    used 18833K, committed 19392K, reserved 1048576K
}
Event: 2704.499 GC heap before
{Heap before GC invocations=80 (full 0):
 garbage-first heap   total 331776K, used 135907K [0x0000000080000000, 0x0000000100000000)
  region size 1024K, 27 young (27648K), 2 survivors (2048K)
 Metaspace       used 136287K, committed 137408K, reserved 1179648K
  class space    used 18836K, committed 19392K, reserved 1048576K
}
Event: 2704.515 GC heap after
{Heap after GC invocations=81 (full 0):
 garbage-first heap   total 331776K, used 114890K [0x0000000080000000, 0x0000000100000000)
  region size 1024K, 6 young (6144K), 6 survivors (6144K)
 Metaspace       used 136287K, committed 137408K, reserved 1179648K
  class space    used 18836K, committed 19392K, reserved 1048576K
}
Event: 2864.759 GC heap before
{Heap before GC invocations=82 (full 0):
 garbage-first heap   total 331776K, used 291018K [0x0000000080000000, 0x0000000100000000)
  region size 1024K, 152 young (155648K), 6 survivors (6144K)
 Metaspace       used 136443K, committed 137536K, reserved 1179648K
  class space    used 18777K, committed 19392K, reserved 1048576K
}
Event: 2864.815 GC heap after
{Heap after GC invocations=83 (full 0):
 garbage-first heap   total 331776K, used 124178K [0x0000000080000000, 0x0000000100000000)
  region size 1024K, 13 young (13312K), 13 survivors (13312K)
 Metaspace       used 136443K, committed 137536K, reserved 1179648K
  class space    used 18777K, committed 19392K, reserved 1048576K
}
Event: 2864.926 GC heap before
{Heap before GC invocations=83 (full 0):
 garbage-first heap   total 331776K, used 127250K [0x0000000080000000, 0x0000000100000000)
  region size 1024K, 16 young (16384K), 13 survivors (13312K)
 Metaspace       used 136444K, committed 137536K, reserved 1179648K
  class space    used 18777K, committed 19392K, reserved 1048576K
}
Event: 2865.009 GC heap after
{Heap after GC invocations=84 (full 0):
 garbage-first heap   total 331776K, used 107492K [0x0000000080000000, 0x0000000100000000)
  region size 1024K, 2 young (2048K), 2 survivors (2048K)
 Metaspace       used 136444K, committed 137536K, reserved 1179648K
  class space    used 18777K, committed 19392K, reserved 1048576K
}
Event: 2865.103 GC heap before
{Heap before GC invocations=84 (full 0):
 garbage-first heap   total 331776K, used 109540K [0x0000000080000000, 0x0000000100000000)
  region size 1024K, 5 young (5120K), 2 survivors (2048K)
 Metaspace       used 136466K, committed 137600K, reserved 1179648K
  class space    used 18777K, committed 19392K, reserved 1048576K
}

